------------------------------------------------------------------------------------------------------------------------

[2025-01-15 20:45:41 #1 store] 
Database 'C:\Users\mixol\segundoCurso\ProyectoDefinitivo\db\libros.odb' is opened by 14836@lenovo_abigail

[2025-01-15 20:45:41 #2 store] 
Configuration path: ?

------------------------------------------------------------------------------------------------------------------------

[2025-01-15 20:46:07 #1 store] 
Database 'C:\Users\mixol\segundoCurso\ProyectoDefinitivo\db\libros.odb' has been recovered (tr. 1-2)

[2025-01-15 20:46:07 #2 store] 
Database 'C:\Users\mixol\segundoCurso\ProyectoDefinitivo\db\libros.odb' is opened by 1008@lenovo_abigail

[2025-01-15 20:46:07 #3 store] 
Configuration path: ?

------------------------------------------------------------------------------------------------------------------------

[2025-01-15 20:51:47 #1 store] 
Database 'C:\Users\mixol\segundoCurso\ProyectoDefinitivo\db\libros.odb' is opened by 18016@lenovo_abigail

[2025-01-15 20:51:47 #2 store] 
Configuration path: ?

------------------------------------------------------------------------------------------------------------------------

[2025-01-15 20:54:08 #1 store] 
Database 'C:\Users\mixol\segundoCurso\ProyectoDefinitivo\db\libros.odb' is opened by 3068@lenovo_abigail

[2025-01-15 20:54:08 #2 store] 
Configuration path: ?

------------------------------------------------------------------------------------------------------------------------

[2025-01-15 21:08:09 #1 store] 
Database 'C:\Users\mixol\segundoCurso\ProyectoDefinitivo\db\libros.odb' is opened by 15764@lenovo_abigail

[2025-01-15 21:08:09 #2 store] 
Configuration path: ?

[2025-01-15 21:08:09 #3 type] 
Type Modelo.Libro is not enhanced.

------------------------------------------------------------------------------------------------------------------------

[2025-01-15 21:10:54 #1 store] 
Database 'C:\Users\mixol\segundoCurso\ProyectoDefinitivo\db\libros.odb' is opened by 15668@lenovo_abigail

[2025-01-15 21:10:54 #2 store] 
Configuration path: ?

[2025-01-15 21:10:54 #3 type] 
Type Modelo.Libro is not enhanced.

------------------------------------------------------------------------------------------------------------------------

[2025-01-15 21:11:46 #1 store] 
Database 'C:\Users\mixol\segundoCurso\ProyectoDefinitivo\db\libros.odb' has been recovered (tr. 4-4)

[2025-01-15 21:11:46 #2 store] 
Database 'C:\Users\mixol\segundoCurso\ProyectoDefinitivo\db\libros.odb' is opened by 2996@lenovo_abigail

[2025-01-15 21:11:46 #3 store] 
Configuration path: ?

[2025-01-15 21:11:46 #4 type] 
Type Modelo.Libro is not enhanced.

